Apr 22, 2026 2:02:38 AM rules.qualification_rules$ delayedEndpoint$rules$qualification_rules$1
INFO: Starting order processing pipeline...
Apr 22, 2026 2:02:38 AM rules.qualification_rules$ delayedEndpoint$rules$qualification_rules$1
INFO: Loaded 1000 orders from CSV.
Apr 22, 2026 2:02:45 AM rules.qualification_rules$ delayedEndpoint$rules$qualification_rules$1
INFO: Order processing pipeline completed successfully.
Apr 22, 2026 2:07:43 AM rules.qualification_rules$ delayedEndpoint$rules$qualification_rules$1
INFO: Starting order processing pipeline...
Apr 22, 2026 2:07:43 AM rules.qualification_rules$ delayedEndpoint$rules$qualification_rules$1
INFO: Loaded 1000 orders from CSV.
Apr 22, 2026 2:07:51 AM rules.qualification_rules$ delayedEndpoint$rules$qualification_rules$1
INFO: Order processing pipeline completed successfully.
Apr 22, 2026 9:31:47 AM rules.qualification_rules$ delayedEndpoint$rules$qualification_rules$1
INFO: Starting order processing pipeline...
Apr 22, 2026 9:31:47 AM rules.qualification_rules$ delayedEndpoint$rules$qualification_rules$1
INFO: Extracted 1000 orders from CSV.
Apr 22, 2026 9:31:55 AM rules.qualification_rules$ delayedEndpoint$rules$qualification_rules$1
INFO: Order processing pipeline completed successfully.
Apr 22, 2026 9:37:15 AM rules.qualification_rules$ delayedEndpoint$rules$qualification_rules$1
INFO: Starting order processing pipeline...
Apr 22, 2026 9:37:15 AM rules.qualification_rules$ delayedEndpoint$rules$qualification_rules$1
INFO: Extracted 1000 orders from CSV.
Apr 22, 2026 9:37:23 AM rules.qualification_rules$ delayedEndpoint$rules$qualification_rules$1
INFO: Order processing pipeline completed successfully.
Apr 22, 2026 1:05:12 PM rules.qualification_rules$ delayedEndpoint$rules$qualification_rules$1
INFO: Starting order processing pipeline...
Apr 22, 2026 1:05:13 PM rules.qualification_rules$ delayedEndpoint$rules$qualification_rules$1
INFO: Extracted 1000 orders from CSV.
Apr 22, 2026 1:05:23 PM rules.qualification_rules$ delayedEndpoint$rules$qualification_rules$1
INFO: Order processing pipeline completed successfully.
